2019-11-18 13:42:28 [127.0.0.1][-][-][error][yii\web\HttpException:404] yii\base\InvalidRouteException: Unable to resolve the request "". in H:\OpenServer\OSPanel\domains\blog-using-yii2--2\vendor\yiisoft\yii2\base\Module.php:537
Stack trace:
#0 H:\OpenServer\OSPanel\domains\blog-using-yii2--2\vendor\yiisoft\yii2\web\Application.php(103): yii\base\Module->runAction('', Array)
#1 H:\OpenServer\OSPanel\domains\blog-using-yii2--2\vendor\yiisoft\yii2\base\Application.php(386): yii\web\Application->handleRequest(Object(yii\web\Request))
#2 H:\OpenServer\OSPanel\domains\blog-using-yii2--2\web\index.php(12): yii\base\Application->run()
#3 {main}

Next yii\web\NotFoundHttpException: Page not found. in H:\OpenServer\OSPanel\domains\blog-using-yii2--2\vendor\yiisoft\yii2\web\Application.php:115
Stack trace:
#0 H:\OpenServer\OSPanel\domains\blog-using-yii2--2\vendor\yiisoft\yii2\base\Application.php(386): yii\web\Application->handleRequest(Object(yii\web\Request))
#1 H:\OpenServer\OSPanel\domains\blog-using-yii2--2\web\index.php(12): yii\base\Application->run()
#2 {main}
2019-11-18 13:42:28 [127.0.0.1][-][-][info][application] $_GET = []

$_POST = []

$_FILES = []

$_COOKIE = [
    'PHPSESSID' => 'uqjjcbj1odr7o1i05mf2aifv2168gl2e'
    '_csrf' => 'e6d4fb64bdfe16daa12439bd036c99a64832c7599f10e5a04ad68380aa9ac693a:2:{i:0;s:5:\"_csrf\";i:1;s:32:\"4F6im_c78mGFu0CPDsZo7rNkJ9iJC4uz\";}'
]

$_SESSION = [
    '__flash' => []
    '__captcha/site/captcha' => 'pirhrkz'
    '__captcha/site/captchacount' => 1
]

$_SERVER = [
    'HTTP_HOST' => 'yii2blog2.loc'
    'HTTP_CONNECTION' => 'keep-alive'
    'HTTP_UPGRADE_INSECURE_REQUESTS' => '1'
    'HTTP_USER_AGENT' => 'Mozilla/5.0 (Windows NT 6.3; Win64; x64) AppleWebKit/537.36 (KHTML, like Gecko) Chrome/78.0.3904.97 Safari/537.36'
    'HTTP_ACCEPT' => 'text/html,application/xhtml+xml,application/xml;q=0.9,image/webp,image/apng,*/*;q=0.8,application/signed-exchange;v=b3'
    'HTTP_REFERER' => 'http://yii2blog2.loc/'
    'HTTP_ACCEPT_ENCODING' => 'gzip, deflate'
    'HTTP_ACCEPT_LANGUAGE' => 'ru-RU,ru;q=0.9,en-US;q=0.8,en;q=0.7,ko;q=0.6,cy;q=0.5,nl;q=0.4'
    'HTTP_COOKIE' => 'PHPSESSID=uqjjcbj1odr7o1i05mf2aifv2168gl2e; _csrf=e6d4fb64bdfe16daa12439bd036c99a64832c7599f10e5a04ad68380aa9ac693a%3A2%3A%7Bi%3A0%3Bs%3A5%3A%22_csrf%22%3Bi%3A1%3Bs%3A32%3A%224F6im_c78mGFu0CPDsZo7rNkJ9iJC4uz%22%3B%7D'
    'PATH' => 'h:\\openserver\\ospanel\\modules\\php\\PHP_7.3-x64\\ext;h:\\openserver\\ospanel\\modules\\php\\PHP_7.3-x64\\pear;h:\\openserver\\ospanel\\modules\\php\\PHP_7.3-x64\\pear\\bin;h:\\openserver\\ospanel\\modules\\php\\PHP_7.3-x64;h:\\openserver\\ospanel\\modules\\imagemagick;h:\\openserver\\ospanel\\modules\\wget\\bin;h:\\openserver\\ospanel\\modules\\git;h:\\openserver\\ospanel\\modules\\git\\bin;h:\\openserver\\ospanel\\modules\\git\\mingw\\bin;h:\\openserver\\ospanel\\modules\\git\\cmd;h:\\openserver\\ospanel\\modules\\database\\MySQL-8.0-x64\\bin;h:\\openserver\\ospanel\\modules\\http\\Apache_2.4-PHP_7.2-7.3-x64\\bin;h:\\openserver\\ospanel\\modules\\http\\Apache_2.4-PHP_7.2-7.3-x64;C:\\WINDOWS\\system32;C:\\WINDOWS;C:\\WINDOWS\\system32\\Wbem;C:\\WINDOWS\\SysWOW64;.;;.;'
    'SystemRoot' => 'C:\\WINDOWS'
    'COMSPEC' => 'C:\\WINDOWS\\system32\\cmd.exe'
    'PATHEXT' => '.COM;.EXE;.BAT;.CMD;.VBS;.VBE;.JS;.JSE;.WSF;.WSH;.MSC'
    'WINDIR' => 'C:\\WINDOWS'
    'SERVER_SIGNATURE' => ''
    'SERVER_SOFTWARE' => 'Apache'
    'SERVER_NAME' => 'yii2blog2.loc'
    'SERVER_ADDR' => '127.0.0.1'
    'SERVER_PORT' => '80'
    'REMOTE_ADDR' => '127.0.0.1'
    'DOCUMENT_ROOT' => 'H:/OpenServer/OSPanel/domains/blog-using-yii2--2'
    'REQUEST_SCHEME' => 'http'
    'CONTEXT_PREFIX' => ''
    'CONTEXT_DOCUMENT_ROOT' => 'H:/OpenServer/OSPanel/domains/blog-using-yii2--2'
    'SERVER_ADMIN' => '[no address given]'
    'SCRIPT_FILENAME' => 'H:/OpenServer/OSPanel/domains/blog-using-yii2--2/web/index.php'
    'REMOTE_PORT' => '8491'
    'GATEWAY_INTERFACE' => 'CGI/1.1'
    'SERVER_PROTOCOL' => 'HTTP/1.1'
    'REQUEST_METHOD' => 'GET'
    'QUERY_STRING' => ''
    'REQUEST_URI' => '/web/'
    'SCRIPT_NAME' => '/web/index.php'
    'PHP_SELF' => '/web/index.php'
    'REQUEST_TIME_FLOAT' => 1574073748.597
    'REQUEST_TIME' => 1574073748
    'argv' => []
    'argc' => 0
]
